[2023-03-01 00:52:02,679] {taskinstance.py:1159} INFO - Dependencies all met for <TaskInstance: avg_product_price.spark_submit manual__2023-03-01T00:52:01.177738+00:00 [queued]>
[2023-03-01 00:52:02,689] {taskinstance.py:1159} INFO - Dependencies all met for <TaskInstance: avg_product_price.spark_submit manual__2023-03-01T00:52:01.177738+00:00 [queued]>
[2023-03-01 00:52:02,690] {taskinstance.py:1356} INFO - 
--------------------------------------------------------------------------------
[2023-03-01 00:52:02,691] {taskinstance.py:1357} INFO - Starting attempt 1 of 2
[2023-03-01 00:52:02,692] {taskinstance.py:1358} INFO - 
--------------------------------------------------------------------------------
[2023-03-01 00:52:02,705] {taskinstance.py:1377} INFO - Executing <Task(SparkSubmitOperator): spark_submit> on 2023-03-01 00:52:01.177738+00:00
[2023-03-01 00:52:02,711] {standard_task_runner.py:52} INFO - Started process 3922 to run task
[2023-03-01 00:52:02,717] {standard_task_runner.py:79} INFO - Running: ['***', 'tasks', 'run', 'avg_product_price', 'spark_submit', 'manual__2023-03-01T00:52:01.177738+00:00', '--job-id', '4', '--raw', '--subdir', 'DAGS_FOLDER/avg_product_price.py', '--cfg-path', '/tmp/tmp_6e75tv1', '--error-file', '/tmp/tmpfp58vluk']
[2023-03-01 00:52:02,720] {standard_task_runner.py:80} INFO - Job 4: Subtask spark_submit
[2023-03-01 00:52:02,765] {task_command.py:370} INFO - Running <TaskInstance: avg_product_price.spark_submit manual__2023-03-01T00:52:01.177738+00:00 [running]> on host 632641264a15
[2023-03-01 00:52:02,854] {taskinstance.py:1571} INFO - Exporting the following env vars:
AIRFLOW_CTX_DAG_OWNER=ayyoub
AIRFLOW_CTX_DAG_ID=avg_product_price
AIRFLOW_CTX_TASK_ID=spark_submit
AIRFLOW_CTX_EXECUTION_DATE=2023-03-01T00:52:01.177738+00:00
AIRFLOW_CTX_TRY_NUMBER=1
AIRFLOW_CTX_DAG_RUN_ID=manual__2023-03-01T00:52:01.177738+00:00
[2023-03-01 00:52:02,866] {base.py:68} INFO - Using connection ID 'spark-hadoop' for task execution.
[2023-03-01 00:52:02,870] {spark_submit.py:344} INFO - Spark-Submit cmd: spark-submit --master local[*] --name arrow-spark /hadoop-data/map_reduce/spark/average_price.py
[2023-03-01 00:52:05,105] {spark_submit.py:495} INFO - 23/03/01 00:52:05 INFO SparkContext: Running Spark version 3.3.2
[2023-03-01 00:52:05,164] {spark_submit.py:495} INFO - 23/03/01 00:52:05 WARN NativeCodeLoader: Unable to load native-hadoop library for your platform... using builtin-java classes where applicable
[2023-03-01 00:52:05,302] {spark_submit.py:495} INFO - 23/03/01 00:52:05 INFO ResourceUtils: ==============================================================
[2023-03-01 00:52:05,307] {spark_submit.py:495} INFO - 23/03/01 00:52:05 INFO ResourceUtils: No custom resources configured for spark.driver.
[2023-03-01 00:52:05,312] {spark_submit.py:495} INFO - 23/03/01 00:52:05 INFO ResourceUtils: ==============================================================
[2023-03-01 00:52:05,314] {spark_submit.py:495} INFO - 23/03/01 00:52:05 INFO SparkContext: Submitted application: average_product_price
[2023-03-01 00:52:05,333] {spark_submit.py:495} INFO - 23/03/01 00:52:05 INFO ResourceProfile: Default ResourceProfile created, executor resources: Map(cores -> name: cores, amount: 1, script: , vendor: , memory -> name: memory, amount: 1024, script: , vendor: , offHeap -> name: offHeap, amount: 0, script: , vendor: ), task resources: Map(cpus -> name: cpus, amount: 1.0)
[2023-03-01 00:52:05,343] {spark_submit.py:495} INFO - 23/03/01 00:52:05 INFO ResourceProfile: Limiting resource is cpu
[2023-03-01 00:52:05,345] {spark_submit.py:495} INFO - 23/03/01 00:52:05 INFO ResourceProfileManager: Added ResourceProfile id: 0
[2023-03-01 00:52:05,380] {spark_submit.py:495} INFO - 23/03/01 00:52:05 INFO SecurityManager: Changing view acls to: ***
[2023-03-01 00:52:05,382] {spark_submit.py:495} INFO - 23/03/01 00:52:05 INFO SecurityManager: Changing modify acls to: ***
[2023-03-01 00:52:05,384] {spark_submit.py:495} INFO - 23/03/01 00:52:05 INFO SecurityManager: Changing view acls groups to:
[2023-03-01 00:52:05,388] {spark_submit.py:495} INFO - 23/03/01 00:52:05 INFO SecurityManager: Changing modify acls groups to:
[2023-03-01 00:52:05,391] {spark_submit.py:495} INFO - 23/03/01 00:52:05 INFO SecurityManager: SecurityManager: authentication disabled; ui acls disabled; users  with view permissions: Set(***); groups with view permissions: Set(); users  with modify permissions: Set(***); groups with modify permissions: Set()
[2023-03-01 00:52:05,612] {spark_submit.py:495} INFO - 23/03/01 00:52:05 INFO Utils: Successfully started service 'sparkDriver' on port 43213.
[2023-03-01 00:52:05,659] {spark_submit.py:495} INFO - 23/03/01 00:52:05 INFO SparkEnv: Registering MapOutputTracker
[2023-03-01 00:52:05,703] {spark_submit.py:495} INFO - 23/03/01 00:52:05 INFO SparkEnv: Registering BlockManagerMaster
[2023-03-01 00:52:05,734] {spark_submit.py:495} INFO - 23/03/01 00:52:05 INFO BlockManagerMasterEndpoint: Using org.apache.spark.storage.DefaultTopologyMapper for getting topology information
[2023-03-01 00:52:05,739] {spark_submit.py:495} INFO - 23/03/01 00:52:05 INFO BlockManagerMasterEndpoint: BlockManagerMasterEndpoint up
[2023-03-01 00:52:05,745] {spark_submit.py:495} INFO - 23/03/01 00:52:05 INFO SparkEnv: Registering BlockManagerMasterHeartbeat
[2023-03-01 00:52:05,775] {spark_submit.py:495} INFO - 23/03/01 00:52:05 INFO DiskBlockManager: Created local directory at /tmp/blockmgr-999e59a8-8384-4ae8-9e1d-81c987d7be9d
[2023-03-01 00:52:05,793] {spark_submit.py:495} INFO - 23/03/01 00:52:05 INFO MemoryStore: MemoryStore started with capacity 434.4 MiB
[2023-03-01 00:52:05,815] {spark_submit.py:495} INFO - 23/03/01 00:52:05 INFO SparkEnv: Registering OutputCommitCoordinator
[2023-03-01 00:52:05,972] {spark_submit.py:495} INFO - 23/03/01 00:52:05 INFO Utils: Successfully started service 'SparkUI' on port 4040.
[2023-03-01 00:52:06,027] {spark_submit.py:495} INFO - 23/03/01 00:52:06 INFO Executor: Starting executor ID driver on host 632641264a15
[2023-03-01 00:52:06,032] {spark_submit.py:495} INFO - 23/03/01 00:52:06 INFO Executor: Starting executor with user classpath (userClassPathFirst = false): ''
[2023-03-01 00:52:06,046] {spark_submit.py:495} INFO - 23/03/01 00:52:06 INFO Utils: Successfully started service 'org.apache.spark.network.netty.NettyBlockTransferService' on port 35715.
[2023-03-01 00:52:06,047] {spark_submit.py:495} INFO - 23/03/01 00:52:06 INFO NettyBlockTransferService: Server created on 632641264a15:35715
[2023-03-01 00:52:06,049] {spark_submit.py:495} INFO - 23/03/01 00:52:06 INFO BlockManager: Using org.apache.spark.storage.RandomBlockReplicationPolicy for block replication policy
[2023-03-01 00:52:06,055] {spark_submit.py:495} INFO - 23/03/01 00:52:06 INFO BlockManagerMaster: Registering BlockManager BlockManagerId(driver, 632641264a15, 35715, None)
[2023-03-01 00:52:06,060] {spark_submit.py:495} INFO - 23/03/01 00:52:06 INFO BlockManagerMasterEndpoint: Registering block manager 632641264a15:35715 with 434.4 MiB RAM, BlockManagerId(driver, 632641264a15, 35715, None)
[2023-03-01 00:52:06,079] {spark_submit.py:495} INFO - 23/03/01 00:52:06 INFO BlockManagerMaster: Registered BlockManager BlockManagerId(driver, 632641264a15, 35715, None)
[2023-03-01 00:52:06,081] {spark_submit.py:495} INFO - 23/03/01 00:52:06 INFO BlockManager: Initialized BlockManager: BlockManagerId(driver, 632641264a15, 35715, None)
[2023-03-01 00:52:06,272] {spark_submit.py:495} INFO - /opt/spark-3.3.2-bin-hadoop3/python/lib/pyspark.zip/pyspark/sql/context.py:114: FutureWarning: Deprecated in 3.0.0. Use SparkSession.builder.getOrCreate() instead.
[2023-03-01 00:52:06,436] {spark_submit.py:495} INFO - 23/03/01 00:52:06 INFO SharedState: Setting hive.metastore.warehouse.dir ('null') to the value of spark.sql.warehouse.dir.
[2023-03-01 00:52:06,442] {spark_submit.py:495} INFO - 23/03/01 00:52:06 INFO SharedState: Warehouse path is 'file:/home/***/spark-warehouse'.
[2023-03-01 00:52:07,978] {spark_submit.py:495} INFO - Traceback (most recent call last):
[2023-03-01 00:52:07,985] {spark_submit.py:495} INFO - File "/hadoop-data/map_reduce/spark/average_price.py", line 20, in <module>
[2023-03-01 00:52:07,987] {spark_submit.py:495} INFO - calculate_avg()
[2023-03-01 00:52:07,989] {spark_submit.py:495} INFO - File "/hadoop-data/map_reduce/spark/average_price.py", line 6, in calculate_avg
[2023-03-01 00:52:07,990] {spark_submit.py:495} INFO - df_load = sqlContext.read.option("header",True).csv('hdfs://namenode:8020/user/root/input/Sales.csv')
[2023-03-01 00:52:07,991] {spark_submit.py:495} INFO - File "/opt/spark-3.3.2-bin-hadoop3/python/lib/pyspark.zip/pyspark/sql/readwriter.py", line 535, in csv
[2023-03-01 00:52:07,994] {spark_submit.py:495} INFO - File "/opt/spark-3.3.2-bin-hadoop3/python/lib/py4j-0.10.9.5-src.zip/py4j/java_gateway.py", line 1322, in __call__
[2023-03-01 00:52:07,995] {spark_submit.py:495} INFO - File "/opt/spark-3.3.2-bin-hadoop3/python/lib/pyspark.zip/pyspark/sql/utils.py", line 196, in deco
[2023-03-01 00:52:08,004] {spark_submit.py:495} INFO - pyspark.sql.utils.AnalysisException: Path does not exist: hdfs://namenode:8020/user/root/input/Sales.csv
[2023-03-01 00:52:08,065] {spark_submit.py:495} INFO - 23/03/01 00:52:08 INFO SparkContext: Invoking stop() from shutdown hook
[2023-03-01 00:52:08,077] {spark_submit.py:495} INFO - 23/03/01 00:52:08 INFO SparkUI: Stopped Spark web UI at http://632641264a15:4040
[2023-03-01 00:52:08,093] {spark_submit.py:495} INFO - 23/03/01 00:52:08 INFO MapOutputTrackerMasterEndpoint: MapOutputTrackerMasterEndpoint stopped!
[2023-03-01 00:52:08,112] {spark_submit.py:495} INFO - 23/03/01 00:52:08 INFO MemoryStore: MemoryStore cleared
[2023-03-01 00:52:08,114] {spark_submit.py:495} INFO - 23/03/01 00:52:08 INFO BlockManager: BlockManager stopped
[2023-03-01 00:52:08,119] {spark_submit.py:495} INFO - 23/03/01 00:52:08 INFO BlockManagerMaster: BlockManagerMaster stopped
[2023-03-01 00:52:08,121] {spark_submit.py:495} INFO - 23/03/01 00:52:08 INFO OutputCommitCoordinator$OutputCommitCoordinatorEndpoint: OutputCommitCoordinator stopped!
[2023-03-01 00:52:08,127] {spark_submit.py:495} INFO - 23/03/01 00:52:08 INFO SparkContext: Successfully stopped SparkContext
[2023-03-01 00:52:08,128] {spark_submit.py:495} INFO - 23/03/01 00:52:08 INFO ShutdownHookManager: Shutdown hook called
[2023-03-01 00:52:08,130] {spark_submit.py:495} INFO - 23/03/01 00:52:08 INFO ShutdownHookManager: Deleting directory /tmp/spark-7ce6bfe7-0066-4e8f-832d-4e38ca300731
[2023-03-01 00:52:08,134] {spark_submit.py:495} INFO - 23/03/01 00:52:08 INFO ShutdownHookManager: Deleting directory /tmp/spark-7ce6bfe7-0066-4e8f-832d-4e38ca300731/pyspark-54d86c6e-83c9-4efb-9cc7-090b26433396
[2023-03-01 00:52:08,138] {spark_submit.py:495} INFO - 23/03/01 00:52:08 INFO ShutdownHookManager: Deleting directory /tmp/spark-a97a4ecc-65fe-4723-b439-49b50dfdc3b6
[2023-03-01 00:52:08,399] {taskinstance.py:1889} ERROR - Task failed with exception
Traceback (most recent call last):
  File "/usr/local/lib/python3.7/site-packages/airflow/providers/apache/spark/operators/spark_submit.py", line 157, in execute
    self._hook.submit(self._application)
  File "/usr/local/lib/python3.7/site-packages/airflow/providers/apache/spark/hooks/spark_submit.py", line 427, in submit
    f"Cannot execute: {self._mask_cmd(spark_submit_cmd)}. Error code is: {returncode}."
airflow.exceptions.AirflowException: Cannot execute: spark-submit --master local[*] --name arrow-spark /hadoop-data/map_reduce/spark/average_price.py. Error code is: 1.
[2023-03-01 00:52:08,406] {taskinstance.py:1400} INFO - Marking task as UP_FOR_RETRY. dag_id=avg_product_price, task_id=spark_submit, execution_date=20230301T005201, start_date=20230301T005202, end_date=20230301T005208
[2023-03-01 00:52:08,426] {standard_task_runner.py:97} ERROR - Failed to execute job 4 for task spark_submit (Cannot execute: spark-submit --master local[*] --name arrow-spark /hadoop-data/map_reduce/spark/average_price.py. Error code is: 1.; 3922)
[2023-03-01 00:52:08,489] {local_task_job.py:156} INFO - Task exited with return code 1
[2023-03-01 00:52:08,529] {local_task_job.py:273} INFO - 0 downstream tasks scheduled from follow-on schedule check
