[2023-03-01 01:42:16,809] {taskinstance.py:1159} INFO - Dependencies all met for <TaskInstance: avg_product_price.spark_submit manual__2023-03-01T01:42:15.203345+00:00 [queued]>
[2023-03-01 01:42:16,817] {taskinstance.py:1159} INFO - Dependencies all met for <TaskInstance: avg_product_price.spark_submit manual__2023-03-01T01:42:15.203345+00:00 [queued]>
[2023-03-01 01:42:16,818] {taskinstance.py:1356} INFO - 
--------------------------------------------------------------------------------
[2023-03-01 01:42:16,819] {taskinstance.py:1357} INFO - Starting attempt 1 of 2
[2023-03-01 01:42:16,820] {taskinstance.py:1358} INFO - 
--------------------------------------------------------------------------------
[2023-03-01 01:42:16,829] {taskinstance.py:1377} INFO - Executing <Task(SparkSubmitOperator): spark_submit> on 2023-03-01 01:42:15.203345+00:00
[2023-03-01 01:42:16,837] {standard_task_runner.py:52} INFO - Started process 5289 to run task
[2023-03-01 01:42:16,841] {standard_task_runner.py:79} INFO - Running: ['***', 'tasks', 'run', 'avg_product_price', 'spark_submit', 'manual__2023-03-01T01:42:15.203345+00:00', '--job-id', '7', '--raw', '--subdir', 'DAGS_FOLDER/avg_product_price.py', '--cfg-path', '/tmp/tmpfkg5ji6c', '--error-file', '/tmp/tmp3nal7ftz']
[2023-03-01 01:42:16,844] {standard_task_runner.py:80} INFO - Job 7: Subtask spark_submit
[2023-03-01 01:42:16,904] {task_command.py:370} INFO - Running <TaskInstance: avg_product_price.spark_submit manual__2023-03-01T01:42:15.203345+00:00 [running]> on host 632641264a15
[2023-03-01 01:42:16,991] {taskinstance.py:1571} INFO - Exporting the following env vars:
AIRFLOW_CTX_DAG_OWNER=ayyoub
AIRFLOW_CTX_DAG_ID=avg_product_price
AIRFLOW_CTX_TASK_ID=spark_submit
AIRFLOW_CTX_EXECUTION_DATE=2023-03-01T01:42:15.203345+00:00
AIRFLOW_CTX_TRY_NUMBER=1
AIRFLOW_CTX_DAG_RUN_ID=manual__2023-03-01T01:42:15.203345+00:00
[2023-03-01 01:42:16,999] {base.py:68} INFO - Using connection ID 'spark-hadoop' for task execution.
[2023-03-01 01:42:17,001] {spark_submit.py:344} INFO - Spark-Submit cmd: spark-submit --master local[*] --name arrow-spark /hadoop-data/map_reduce/spark/average_price.py
[2023-03-01 01:42:19,069] {spark_submit.py:495} INFO - 23/03/01 01:42:19 INFO SparkContext: Running Spark version 3.3.2
[2023-03-01 01:42:19,135] {spark_submit.py:495} INFO - 23/03/01 01:42:19 WARN NativeCodeLoader: Unable to load native-hadoop library for your platform... using builtin-java classes where applicable
[2023-03-01 01:42:19,194] {spark_submit.py:495} INFO - 23/03/01 01:42:19 INFO ResourceUtils: ==============================================================
[2023-03-01 01:42:19,195] {spark_submit.py:495} INFO - 23/03/01 01:42:19 INFO ResourceUtils: No custom resources configured for spark.driver.
[2023-03-01 01:42:19,201] {spark_submit.py:495} INFO - 23/03/01 01:42:19 INFO ResourceUtils: ==============================================================
[2023-03-01 01:42:19,203] {spark_submit.py:495} INFO - 23/03/01 01:42:19 INFO SparkContext: Submitted application: average_product_price
[2023-03-01 01:42:19,218] {spark_submit.py:495} INFO - 23/03/01 01:42:19 INFO ResourceProfile: Default ResourceProfile created, executor resources: Map(cores -> name: cores, amount: 1, script: , vendor: , memory -> name: memory, amount: 1024, script: , vendor: , offHeap -> name: offHeap, amount: 0, script: , vendor: ), task resources: Map(cpus -> name: cpus, amount: 1.0)
[2023-03-01 01:42:19,229] {spark_submit.py:495} INFO - 23/03/01 01:42:19 INFO ResourceProfile: Limiting resource is cpu
[2023-03-01 01:42:19,231] {spark_submit.py:495} INFO - 23/03/01 01:42:19 INFO ResourceProfileManager: Added ResourceProfile id: 0
[2023-03-01 01:42:19,266] {spark_submit.py:495} INFO - 23/03/01 01:42:19 INFO SecurityManager: Changing view acls to: ***
[2023-03-01 01:42:19,279] {spark_submit.py:495} INFO - 23/03/01 01:42:19 INFO SecurityManager: Changing modify acls to: ***
[2023-03-01 01:42:19,280] {spark_submit.py:495} INFO - 23/03/01 01:42:19 INFO SecurityManager: Changing view acls groups to:
[2023-03-01 01:42:19,281] {spark_submit.py:495} INFO - 23/03/01 01:42:19 INFO SecurityManager: Changing modify acls groups to:
[2023-03-01 01:42:19,282] {spark_submit.py:495} INFO - 23/03/01 01:42:19 INFO SecurityManager: SecurityManager: authentication disabled; ui acls disabled; users  with view permissions: Set(***); groups with view permissions: Set(); users  with modify permissions: Set(***); groups with modify permissions: Set()
[2023-03-01 01:42:19,419] {spark_submit.py:495} INFO - 23/03/01 01:42:19 INFO Utils: Successfully started service 'sparkDriver' on port 41777.
[2023-03-01 01:42:19,438] {spark_submit.py:495} INFO - 23/03/01 01:42:19 INFO SparkEnv: Registering MapOutputTracker
[2023-03-01 01:42:19,457] {spark_submit.py:495} INFO - 23/03/01 01:42:19 INFO SparkEnv: Registering BlockManagerMaster
[2023-03-01 01:42:19,468] {spark_submit.py:495} INFO - 23/03/01 01:42:19 INFO BlockManagerMasterEndpoint: Using org.apache.spark.storage.DefaultTopologyMapper for getting topology information
[2023-03-01 01:42:19,469] {spark_submit.py:495} INFO - 23/03/01 01:42:19 INFO BlockManagerMasterEndpoint: BlockManagerMasterEndpoint up
[2023-03-01 01:42:19,471] {spark_submit.py:495} INFO - 23/03/01 01:42:19 INFO SparkEnv: Registering BlockManagerMasterHeartbeat
[2023-03-01 01:42:19,489] {spark_submit.py:495} INFO - 23/03/01 01:42:19 INFO DiskBlockManager: Created local directory at /tmp/blockmgr-d3f9dfec-f796-4a85-a20b-320b7136dead
[2023-03-01 01:42:19,503] {spark_submit.py:495} INFO - 23/03/01 01:42:19 INFO MemoryStore: MemoryStore started with capacity 434.4 MiB
[2023-03-01 01:42:19,516] {spark_submit.py:495} INFO - 23/03/01 01:42:19 INFO SparkEnv: Registering OutputCommitCoordinator
[2023-03-01 01:42:19,684] {spark_submit.py:495} INFO - 23/03/01 01:42:19 INFO Utils: Successfully started service 'SparkUI' on port 4040.
[2023-03-01 01:42:19,761] {spark_submit.py:495} INFO - 23/03/01 01:42:19 INFO Executor: Starting executor ID driver on host 632641264a15
[2023-03-01 01:42:19,765] {spark_submit.py:495} INFO - 23/03/01 01:42:19 INFO Executor: Starting executor with user classpath (userClassPathFirst = false): ''
[2023-03-01 01:42:19,785] {spark_submit.py:495} INFO - 23/03/01 01:42:19 INFO Utils: Successfully started service 'org.apache.spark.network.netty.NettyBlockTransferService' on port 36959.
[2023-03-01 01:42:19,787] {spark_submit.py:495} INFO - 23/03/01 01:42:19 INFO NettyBlockTransferService: Server created on 632641264a15:36959
[2023-03-01 01:42:19,789] {spark_submit.py:495} INFO - 23/03/01 01:42:19 INFO BlockManager: Using org.apache.spark.storage.RandomBlockReplicationPolicy for block replication policy
[2023-03-01 01:42:19,796] {spark_submit.py:495} INFO - 23/03/01 01:42:19 INFO BlockManagerMaster: Registering BlockManager BlockManagerId(driver, 632641264a15, 36959, None)
[2023-03-01 01:42:19,801] {spark_submit.py:495} INFO - 23/03/01 01:42:19 INFO BlockManagerMasterEndpoint: Registering block manager 632641264a15:36959 with 434.4 MiB RAM, BlockManagerId(driver, 632641264a15, 36959, None)
[2023-03-01 01:42:19,805] {spark_submit.py:495} INFO - 23/03/01 01:42:19 INFO BlockManagerMaster: Registered BlockManager BlockManagerId(driver, 632641264a15, 36959, None)
[2023-03-01 01:42:19,807] {spark_submit.py:495} INFO - 23/03/01 01:42:19 INFO BlockManager: Initialized BlockManager: BlockManagerId(driver, 632641264a15, 36959, None)
[2023-03-01 01:42:19,990] {spark_submit.py:495} INFO - /opt/spark-3.3.2-bin-hadoop3/python/lib/pyspark.zip/pyspark/sql/context.py:114: FutureWarning: Deprecated in 3.0.0. Use SparkSession.builder.getOrCreate() instead.
[2023-03-01 01:42:20,130] {spark_submit.py:495} INFO - 23/03/01 01:42:20 INFO SharedState: Setting hive.metastore.warehouse.dir ('null') to the value of spark.sql.warehouse.dir.
[2023-03-01 01:42:20,136] {spark_submit.py:495} INFO - 23/03/01 01:42:20 INFO SharedState: Warehouse path is 'file:/home/***/spark-warehouse'.
[2023-03-01 01:42:21,132] {spark_submit.py:495} INFO - Traceback (most recent call last):
[2023-03-01 01:42:21,135] {spark_submit.py:495} INFO - File "/hadoop-data/map_reduce/spark/average_price.py", line 21, in <module>
[2023-03-01 01:42:21,139] {spark_submit.py:495} INFO - calculate_avg()
[2023-03-01 01:42:21,140] {spark_submit.py:495} INFO - File "/hadoop-data/map_reduce/spark/average_price.py", line 7, in calculate_avg
[2023-03-01 01:42:21,141] {spark_submit.py:495} INFO - df_load = sqlContext.read.option("header",True).csv('hdfs://namenode:8020/user/hadoop-data/input/Sales.csv')
[2023-03-01 01:42:21,142] {spark_submit.py:495} INFO - File "/opt/spark-3.3.2-bin-hadoop3/python/lib/pyspark.zip/pyspark/sql/readwriter.py", line 535, in csv
[2023-03-01 01:42:21,143] {spark_submit.py:495} INFO - File "/opt/spark-3.3.2-bin-hadoop3/python/lib/py4j-0.10.9.5-src.zip/py4j/java_gateway.py", line 1322, in __call__
[2023-03-01 01:42:21,147] {spark_submit.py:495} INFO - File "/opt/spark-3.3.2-bin-hadoop3/python/lib/pyspark.zip/pyspark/sql/utils.py", line 196, in deco
[2023-03-01 01:42:21,153] {spark_submit.py:495} INFO - pyspark.sql.utils.AnalysisException: Path does not exist: hdfs://namenode:8020/user/hadoop-data/input/Sales.csv
[2023-03-01 01:42:21,195] {spark_submit.py:495} INFO - 23/03/01 01:42:21 INFO SparkContext: Invoking stop() from shutdown hook
[2023-03-01 01:42:21,204] {spark_submit.py:495} INFO - 23/03/01 01:42:21 INFO SparkUI: Stopped Spark web UI at http://632641264a15:4040
[2023-03-01 01:42:21,215] {spark_submit.py:495} INFO - 23/03/01 01:42:21 INFO MapOutputTrackerMasterEndpoint: MapOutputTrackerMasterEndpoint stopped!
[2023-03-01 01:42:21,233] {spark_submit.py:495} INFO - 23/03/01 01:42:21 INFO MemoryStore: MemoryStore cleared
[2023-03-01 01:42:21,234] {spark_submit.py:495} INFO - 23/03/01 01:42:21 INFO BlockManager: BlockManager stopped
[2023-03-01 01:42:21,237] {spark_submit.py:495} INFO - 23/03/01 01:42:21 INFO BlockManagerMaster: BlockManagerMaster stopped
[2023-03-01 01:42:21,240] {spark_submit.py:495} INFO - 23/03/01 01:42:21 INFO OutputCommitCoordinator$OutputCommitCoordinatorEndpoint: OutputCommitCoordinator stopped!
[2023-03-01 01:42:21,246] {spark_submit.py:495} INFO - 23/03/01 01:42:21 INFO SparkContext: Successfully stopped SparkContext
[2023-03-01 01:42:21,247] {spark_submit.py:495} INFO - 23/03/01 01:42:21 INFO ShutdownHookManager: Shutdown hook called
[2023-03-01 01:42:21,247] {spark_submit.py:495} INFO - 23/03/01 01:42:21 INFO ShutdownHookManager: Deleting directory /tmp/spark-973ee9ce-b3e0-4aba-9944-e8e57efbb1fa
[2023-03-01 01:42:21,249] {spark_submit.py:495} INFO - 23/03/01 01:42:21 INFO ShutdownHookManager: Deleting directory /tmp/spark-39e33f13-9dab-4f02-98a6-ac7b5d4358e1
[2023-03-01 01:42:21,252] {spark_submit.py:495} INFO - 23/03/01 01:42:21 INFO ShutdownHookManager: Deleting directory /tmp/spark-39e33f13-9dab-4f02-98a6-ac7b5d4358e1/pyspark-2f1e6122-e028-49a0-ae1b-86007747372b
[2023-03-01 01:42:21,438] {taskinstance.py:1889} ERROR - Task failed with exception
Traceback (most recent call last):
  File "/usr/local/lib/python3.7/site-packages/airflow/providers/apache/spark/operators/spark_submit.py", line 157, in execute
    self._hook.submit(self._application)
  File "/usr/local/lib/python3.7/site-packages/airflow/providers/apache/spark/hooks/spark_submit.py", line 427, in submit
    f"Cannot execute: {self._mask_cmd(spark_submit_cmd)}. Error code is: {returncode}."
airflow.exceptions.AirflowException: Cannot execute: spark-submit --master local[*] --name arrow-spark /hadoop-data/map_reduce/spark/average_price.py. Error code is: 1.
[2023-03-01 01:42:21,445] {taskinstance.py:1400} INFO - Marking task as UP_FOR_RETRY. dag_id=avg_product_price, task_id=spark_submit, execution_date=20230301T014215, start_date=20230301T014216, end_date=20230301T014221
[2023-03-01 01:42:21,470] {standard_task_runner.py:97} ERROR - Failed to execute job 7 for task spark_submit (Cannot execute: spark-submit --master local[*] --name arrow-spark /hadoop-data/map_reduce/spark/average_price.py. Error code is: 1.; 5289)
[2023-03-01 01:42:21,512] {local_task_job.py:156} INFO - Task exited with return code 1
[2023-03-01 01:42:21,579] {local_task_job.py:273} INFO - 0 downstream tasks scheduled from follow-on schedule check
