[2023-03-01 01:43:57,112] {taskinstance.py:1159} INFO - Dependencies all met for <TaskInstance: avg_product_price.spark_submit manual__2023-03-01T01:43:54.627917+00:00 [queued]>
[2023-03-01 01:43:57,119] {taskinstance.py:1159} INFO - Dependencies all met for <TaskInstance: avg_product_price.spark_submit manual__2023-03-01T01:43:54.627917+00:00 [queued]>
[2023-03-01 01:43:57,119] {taskinstance.py:1356} INFO - 
--------------------------------------------------------------------------------
[2023-03-01 01:43:57,120] {taskinstance.py:1357} INFO - Starting attempt 1 of 2
[2023-03-01 01:43:57,121] {taskinstance.py:1358} INFO - 
--------------------------------------------------------------------------------
[2023-03-01 01:43:57,129] {taskinstance.py:1377} INFO - Executing <Task(SparkSubmitOperator): spark_submit> on 2023-03-01 01:43:54.627917+00:00
[2023-03-01 01:43:57,135] {standard_task_runner.py:52} INFO - Started process 5444 to run task
[2023-03-01 01:43:57,139] {standard_task_runner.py:79} INFO - Running: ['***', 'tasks', 'run', 'avg_product_price', 'spark_submit', 'manual__2023-03-01T01:43:54.627917+00:00', '--job-id', '8', '--raw', '--subdir', 'DAGS_FOLDER/avg_product_price.py', '--cfg-path', '/tmp/tmpnh9ju82i', '--error-file', '/tmp/tmpxq_ma2rw']
[2023-03-01 01:43:57,142] {standard_task_runner.py:80} INFO - Job 8: Subtask spark_submit
[2023-03-01 01:43:57,191] {task_command.py:370} INFO - Running <TaskInstance: avg_product_price.spark_submit manual__2023-03-01T01:43:54.627917+00:00 [running]> on host 632641264a15
[2023-03-01 01:43:57,254] {taskinstance.py:1571} INFO - Exporting the following env vars:
AIRFLOW_CTX_DAG_OWNER=ayyoub
AIRFLOW_CTX_DAG_ID=avg_product_price
AIRFLOW_CTX_TASK_ID=spark_submit
AIRFLOW_CTX_EXECUTION_DATE=2023-03-01T01:43:54.627917+00:00
AIRFLOW_CTX_TRY_NUMBER=1
AIRFLOW_CTX_DAG_RUN_ID=manual__2023-03-01T01:43:54.627917+00:00
[2023-03-01 01:43:57,270] {base.py:68} INFO - Using connection ID 'spark-hadoop' for task execution.
[2023-03-01 01:43:57,274] {spark_submit.py:344} INFO - Spark-Submit cmd: spark-submit --master local[*] --name arrow-spark /hadoop-data/map_reduce/spark/average_price.py
[2023-03-01 01:43:59,126] {spark_submit.py:495} INFO - 23/03/01 01:43:59 INFO SparkContext: Running Spark version 3.3.2
[2023-03-01 01:43:59,201] {spark_submit.py:495} INFO - 23/03/01 01:43:59 WARN NativeCodeLoader: Unable to load native-hadoop library for your platform... using builtin-java classes where applicable
[2023-03-01 01:43:59,270] {spark_submit.py:495} INFO - 23/03/01 01:43:59 INFO ResourceUtils: ==============================================================
[2023-03-01 01:43:59,273] {spark_submit.py:495} INFO - 23/03/01 01:43:59 INFO ResourceUtils: No custom resources configured for spark.driver.
[2023-03-01 01:43:59,274] {spark_submit.py:495} INFO - 23/03/01 01:43:59 INFO ResourceUtils: ==============================================================
[2023-03-01 01:43:59,276] {spark_submit.py:495} INFO - 23/03/01 01:43:59 INFO SparkContext: Submitted application: average_product_price
[2023-03-01 01:43:59,294] {spark_submit.py:495} INFO - 23/03/01 01:43:59 INFO ResourceProfile: Default ResourceProfile created, executor resources: Map(cores -> name: cores, amount: 1, script: , vendor: , memory -> name: memory, amount: 1024, script: , vendor: , offHeap -> name: offHeap, amount: 0, script: , vendor: ), task resources: Map(cpus -> name: cpus, amount: 1.0)
[2023-03-01 01:43:59,304] {spark_submit.py:495} INFO - 23/03/01 01:43:59 INFO ResourceProfile: Limiting resource is cpu
[2023-03-01 01:43:59,305] {spark_submit.py:495} INFO - 23/03/01 01:43:59 INFO ResourceProfileManager: Added ResourceProfile id: 0
[2023-03-01 01:43:59,354] {spark_submit.py:495} INFO - 23/03/01 01:43:59 INFO SecurityManager: Changing view acls to: ***
[2023-03-01 01:43:59,356] {spark_submit.py:495} INFO - 23/03/01 01:43:59 INFO SecurityManager: Changing modify acls to: ***
[2023-03-01 01:43:59,358] {spark_submit.py:495} INFO - 23/03/01 01:43:59 INFO SecurityManager: Changing view acls groups to:
[2023-03-01 01:43:59,360] {spark_submit.py:495} INFO - 23/03/01 01:43:59 INFO SecurityManager: Changing modify acls groups to:
[2023-03-01 01:43:59,368] {spark_submit.py:495} INFO - 23/03/01 01:43:59 INFO SecurityManager: SecurityManager: authentication disabled; ui acls disabled; users  with view permissions: Set(***); groups with view permissions: Set(); users  with modify permissions: Set(***); groups with modify permissions: Set()
[2023-03-01 01:43:59,625] {spark_submit.py:495} INFO - 23/03/01 01:43:59 INFO Utils: Successfully started service 'sparkDriver' on port 37169.
[2023-03-01 01:43:59,660] {spark_submit.py:495} INFO - 23/03/01 01:43:59 INFO SparkEnv: Registering MapOutputTracker
[2023-03-01 01:43:59,712] {spark_submit.py:495} INFO - 23/03/01 01:43:59 INFO SparkEnv: Registering BlockManagerMaster
[2023-03-01 01:43:59,733] {spark_submit.py:495} INFO - 23/03/01 01:43:59 INFO BlockManagerMasterEndpoint: Using org.apache.spark.storage.DefaultTopologyMapper for getting topology information
[2023-03-01 01:43:59,734] {spark_submit.py:495} INFO - 23/03/01 01:43:59 INFO BlockManagerMasterEndpoint: BlockManagerMasterEndpoint up
[2023-03-01 01:43:59,738] {spark_submit.py:495} INFO - 23/03/01 01:43:59 INFO SparkEnv: Registering BlockManagerMasterHeartbeat
[2023-03-01 01:43:59,757] {spark_submit.py:495} INFO - 23/03/01 01:43:59 INFO DiskBlockManager: Created local directory at /tmp/blockmgr-7dd76251-95cc-4f4b-b228-bfb70e468741
[2023-03-01 01:43:59,777] {spark_submit.py:495} INFO - 23/03/01 01:43:59 INFO MemoryStore: MemoryStore started with capacity 434.4 MiB
[2023-03-01 01:43:59,793] {spark_submit.py:495} INFO - 23/03/01 01:43:59 INFO SparkEnv: Registering OutputCommitCoordinator
[2023-03-01 01:44:00,065] {spark_submit.py:495} INFO - 23/03/01 01:44:00 INFO Utils: Successfully started service 'SparkUI' on port 4040.
[2023-03-01 01:44:00,198] {spark_submit.py:495} INFO - 23/03/01 01:44:00 INFO Executor: Starting executor ID driver on host 632641264a15
[2023-03-01 01:44:00,213] {spark_submit.py:495} INFO - 23/03/01 01:44:00 INFO Executor: Starting executor with user classpath (userClassPathFirst = false): ''
[2023-03-01 01:44:00,237] {spark_submit.py:495} INFO - 23/03/01 01:44:00 INFO Utils: Successfully started service 'org.apache.spark.network.netty.NettyBlockTransferService' on port 39981.
[2023-03-01 01:44:00,239] {spark_submit.py:495} INFO - 23/03/01 01:44:00 INFO NettyBlockTransferService: Server created on 632641264a15:39981
[2023-03-01 01:44:00,242] {spark_submit.py:495} INFO - 23/03/01 01:44:00 INFO BlockManager: Using org.apache.spark.storage.RandomBlockReplicationPolicy for block replication policy
[2023-03-01 01:44:00,247] {spark_submit.py:495} INFO - 23/03/01 01:44:00 INFO BlockManagerMaster: Registering BlockManager BlockManagerId(driver, 632641264a15, 39981, None)
[2023-03-01 01:44:00,251] {spark_submit.py:495} INFO - 23/03/01 01:44:00 INFO BlockManagerMasterEndpoint: Registering block manager 632641264a15:39981 with 434.4 MiB RAM, BlockManagerId(driver, 632641264a15, 39981, None)
[2023-03-01 01:44:00,254] {spark_submit.py:495} INFO - 23/03/01 01:44:00 INFO BlockManagerMaster: Registered BlockManager BlockManagerId(driver, 632641264a15, 39981, None)
[2023-03-01 01:44:00,255] {spark_submit.py:495} INFO - 23/03/01 01:44:00 INFO BlockManager: Initialized BlockManager: BlockManagerId(driver, 632641264a15, 39981, None)
[2023-03-01 01:44:00,409] {spark_submit.py:495} INFO - /opt/spark-3.3.2-bin-hadoop3/python/lib/pyspark.zip/pyspark/sql/context.py:114: FutureWarning: Deprecated in 3.0.0. Use SparkSession.builder.getOrCreate() instead.
[2023-03-01 01:44:00,537] {spark_submit.py:495} INFO - 23/03/01 01:44:00 INFO SharedState: Setting hive.metastore.warehouse.dir ('null') to the value of spark.sql.warehouse.dir.
[2023-03-01 01:44:00,544] {spark_submit.py:495} INFO - 23/03/01 01:44:00 INFO SharedState: Warehouse path is 'file:/home/***/spark-warehouse'.
[2023-03-01 01:44:01,575] {spark_submit.py:495} INFO - Traceback (most recent call last):
[2023-03-01 01:44:01,579] {spark_submit.py:495} INFO - File "/hadoop-data/map_reduce/spark/average_price.py", line 21, in <module>
[2023-03-01 01:44:01,584] {spark_submit.py:495} INFO - calculate_avg()
[2023-03-01 01:44:01,585] {spark_submit.py:495} INFO - File "/hadoop-data/map_reduce/spark/average_price.py", line 7, in calculate_avg
[2023-03-01 01:44:01,586] {spark_submit.py:495} INFO - df_load = sqlContext.read.option("header",True).csv('hdfs://namenode:8020/user/hadoop-data/input/Sales.csv')
[2023-03-01 01:44:01,587] {spark_submit.py:495} INFO - File "/opt/spark-3.3.2-bin-hadoop3/python/lib/pyspark.zip/pyspark/sql/readwriter.py", line 535, in csv
[2023-03-01 01:44:01,589] {spark_submit.py:495} INFO - File "/opt/spark-3.3.2-bin-hadoop3/python/lib/py4j-0.10.9.5-src.zip/py4j/java_gateway.py", line 1322, in __call__
[2023-03-01 01:44:01,590] {spark_submit.py:495} INFO - File "/opt/spark-3.3.2-bin-hadoop3/python/lib/pyspark.zip/pyspark/sql/utils.py", line 196, in deco
[2023-03-01 01:44:01,598] {spark_submit.py:495} INFO - pyspark.sql.utils.AnalysisException: Path does not exist: hdfs://namenode:8020/user/hadoop-data/input/Sales.csv
[2023-03-01 01:44:01,645] {spark_submit.py:495} INFO - 23/03/01 01:44:01 INFO SparkContext: Invoking stop() from shutdown hook
[2023-03-01 01:44:01,654] {spark_submit.py:495} INFO - 23/03/01 01:44:01 INFO SparkUI: Stopped Spark web UI at http://632641264a15:4040
[2023-03-01 01:44:01,667] {spark_submit.py:495} INFO - 23/03/01 01:44:01 INFO MapOutputTrackerMasterEndpoint: MapOutputTrackerMasterEndpoint stopped!
[2023-03-01 01:44:01,686] {spark_submit.py:495} INFO - 23/03/01 01:44:01 INFO MemoryStore: MemoryStore cleared
[2023-03-01 01:44:01,689] {spark_submit.py:495} INFO - 23/03/01 01:44:01 INFO BlockManager: BlockManager stopped
[2023-03-01 01:44:01,692] {spark_submit.py:495} INFO - 23/03/01 01:44:01 INFO BlockManagerMaster: BlockManagerMaster stopped
[2023-03-01 01:44:01,694] {spark_submit.py:495} INFO - 23/03/01 01:44:01 INFO OutputCommitCoordinator$OutputCommitCoordinatorEndpoint: OutputCommitCoordinator stopped!
[2023-03-01 01:44:01,702] {spark_submit.py:495} INFO - 23/03/01 01:44:01 INFO SparkContext: Successfully stopped SparkContext
[2023-03-01 01:44:01,703] {spark_submit.py:495} INFO - 23/03/01 01:44:01 INFO ShutdownHookManager: Shutdown hook called
[2023-03-01 01:44:01,703] {spark_submit.py:495} INFO - 23/03/01 01:44:01 INFO ShutdownHookManager: Deleting directory /tmp/spark-d23f5e9c-1eb2-4391-8d9c-a3409e2990ff
[2023-03-01 01:44:01,705] {spark_submit.py:495} INFO - 23/03/01 01:44:01 INFO ShutdownHookManager: Deleting directory /tmp/spark-993d3659-964a-44a3-a107-cfd9b7fd6499
[2023-03-01 01:44:01,709] {spark_submit.py:495} INFO - 23/03/01 01:44:01 INFO ShutdownHookManager: Deleting directory /tmp/spark-d23f5e9c-1eb2-4391-8d9c-a3409e2990ff/pyspark-8947c15e-5144-49b9-89e4-d9cef8d80c5c
[2023-03-01 01:44:01,912] {taskinstance.py:1889} ERROR - Task failed with exception
Traceback (most recent call last):
  File "/usr/local/lib/python3.7/site-packages/airflow/providers/apache/spark/operators/spark_submit.py", line 157, in execute
    self._hook.submit(self._application)
  File "/usr/local/lib/python3.7/site-packages/airflow/providers/apache/spark/hooks/spark_submit.py", line 427, in submit
    f"Cannot execute: {self._mask_cmd(spark_submit_cmd)}. Error code is: {returncode}."
airflow.exceptions.AirflowException: Cannot execute: spark-submit --master local[*] --name arrow-spark /hadoop-data/map_reduce/spark/average_price.py. Error code is: 1.
[2023-03-01 01:44:01,918] {taskinstance.py:1400} INFO - Marking task as UP_FOR_RETRY. dag_id=avg_product_price, task_id=spark_submit, execution_date=20230301T014354, start_date=20230301T014357, end_date=20230301T014401
[2023-03-01 01:44:01,935] {standard_task_runner.py:97} ERROR - Failed to execute job 8 for task spark_submit (Cannot execute: spark-submit --master local[*] --name arrow-spark /hadoop-data/map_reduce/spark/average_price.py. Error code is: 1.; 5444)
[2023-03-01 01:44:01,970] {local_task_job.py:156} INFO - Task exited with return code 1
[2023-03-01 01:44:02,023] {local_task_job.py:273} INFO - 0 downstream tasks scheduled from follow-on schedule check
