[2023-03-01 10:22:34,515] {taskinstance.py:1159} INFO - Dependencies all met for <TaskInstance: avg_product_price.spark_submit manual__2023-03-01T01:43:54.627917+00:00 [queued]>
[2023-03-01 10:22:34,525] {taskinstance.py:1159} INFO - Dependencies all met for <TaskInstance: avg_product_price.spark_submit manual__2023-03-01T01:43:54.627917+00:00 [queued]>
[2023-03-01 10:22:34,526] {taskinstance.py:1356} INFO - 
--------------------------------------------------------------------------------
[2023-03-01 10:22:34,527] {taskinstance.py:1357} INFO - Starting attempt 5 of 6
[2023-03-01 10:22:34,528] {taskinstance.py:1358} INFO - 
--------------------------------------------------------------------------------
[2023-03-01 10:22:34,542] {taskinstance.py:1377} INFO - Executing <Task(SparkSubmitOperator): spark_submit> on 2023-03-01 01:43:54.627917+00:00
[2023-03-01 10:22:34,556] {standard_task_runner.py:52} INFO - Started process 370 to run task
[2023-03-01 10:22:34,560] {standard_task_runner.py:79} INFO - Running: ['***', 'tasks', 'run', 'avg_product_price', 'spark_submit', 'manual__2023-03-01T01:43:54.627917+00:00', '--job-id', '13', '--raw', '--subdir', 'DAGS_FOLDER/avg_product_price.py', '--cfg-path', '/tmp/tmpjaldeqj4', '--error-file', '/tmp/tmp0wmk3_t5']
[2023-03-01 10:22:34,563] {standard_task_runner.py:80} INFO - Job 13: Subtask spark_submit
[2023-03-01 10:22:34,611] {task_command.py:370} INFO - Running <TaskInstance: avg_product_price.spark_submit manual__2023-03-01T01:43:54.627917+00:00 [running]> on host 632641264a15
[2023-03-01 10:22:34,756] {taskinstance.py:1571} INFO - Exporting the following env vars:
AIRFLOW_CTX_DAG_OWNER=shidiq
AIRFLOW_CTX_DAG_ID=avg_product_price
AIRFLOW_CTX_TASK_ID=spark_submit
AIRFLOW_CTX_EXECUTION_DATE=2023-03-01T01:43:54.627917+00:00
AIRFLOW_CTX_TRY_NUMBER=5
AIRFLOW_CTX_DAG_RUN_ID=manual__2023-03-01T01:43:54.627917+00:00
[2023-03-01 10:22:34,785] {base.py:68} INFO - Using connection ID 'spark-hadoop' for task execution.
[2023-03-01 10:22:34,790] {spark_submit.py:344} INFO - Spark-Submit cmd: spark-submit --master local[*] --name arrow-spark /hadoop-data/map_reduce/spark/average_price.py
[2023-03-01 10:22:38,967] {spark_submit.py:495} INFO - 23/03/01 10:22:38 INFO SparkContext: Running Spark version 3.3.2
[2023-03-01 10:22:39,063] {spark_submit.py:495} INFO - 23/03/01 10:22:39 WARN NativeCodeLoader: Unable to load native-hadoop library for your platform... using builtin-java classes where applicable
[2023-03-01 10:22:39,180] {spark_submit.py:495} INFO - 23/03/01 10:22:39 INFO ResourceUtils: ==============================================================
[2023-03-01 10:22:39,186] {spark_submit.py:495} INFO - 23/03/01 10:22:39 INFO ResourceUtils: No custom resources configured for spark.driver.
[2023-03-01 10:22:39,191] {spark_submit.py:495} INFO - 23/03/01 10:22:39 INFO ResourceUtils: ==============================================================
[2023-03-01 10:22:39,193] {spark_submit.py:495} INFO - 23/03/01 10:22:39 INFO SparkContext: Submitted application: average_product_price
[2023-03-01 10:22:39,224] {spark_submit.py:495} INFO - 23/03/01 10:22:39 INFO ResourceProfile: Default ResourceProfile created, executor resources: Map(cores -> name: cores, amount: 1, script: , vendor: , memory -> name: memory, amount: 1024, script: , vendor: , offHeap -> name: offHeap, amount: 0, script: , vendor: ), task resources: Map(cpus -> name: cpus, amount: 1.0)
[2023-03-01 10:22:39,235] {spark_submit.py:495} INFO - 23/03/01 10:22:39 INFO ResourceProfile: Limiting resource is cpu
[2023-03-01 10:22:39,238] {spark_submit.py:495} INFO - 23/03/01 10:22:39 INFO ResourceProfileManager: Added ResourceProfile id: 0
[2023-03-01 10:22:39,302] {spark_submit.py:495} INFO - 23/03/01 10:22:39 INFO SecurityManager: Changing view acls to: ***
[2023-03-01 10:22:39,303] {spark_submit.py:495} INFO - 23/03/01 10:22:39 INFO SecurityManager: Changing modify acls to: ***
[2023-03-01 10:22:39,305] {spark_submit.py:495} INFO - 23/03/01 10:22:39 INFO SecurityManager: Changing view acls groups to:
[2023-03-01 10:22:39,306] {spark_submit.py:495} INFO - 23/03/01 10:22:39 INFO SecurityManager: Changing modify acls groups to:
[2023-03-01 10:22:39,307] {spark_submit.py:495} INFO - 23/03/01 10:22:39 INFO SecurityManager: SecurityManager: authentication disabled; ui acls disabled; users  with view permissions: Set(***); groups with view permissions: Set(); users  with modify permissions: Set(***); groups with modify permissions: Set()
[2023-03-01 10:22:39,552] {spark_submit.py:495} INFO - 23/03/01 10:22:39 INFO Utils: Successfully started service 'sparkDriver' on port 46491.
[2023-03-01 10:22:39,622] {spark_submit.py:495} INFO - 23/03/01 10:22:39 INFO SparkEnv: Registering MapOutputTracker
[2023-03-01 10:22:39,656] {spark_submit.py:495} INFO - 23/03/01 10:22:39 INFO SparkEnv: Registering BlockManagerMaster
[2023-03-01 10:22:39,677] {spark_submit.py:495} INFO - 23/03/01 10:22:39 INFO BlockManagerMasterEndpoint: Using org.apache.spark.storage.DefaultTopologyMapper for getting topology information
[2023-03-01 10:22:39,680] {spark_submit.py:495} INFO - 23/03/01 10:22:39 INFO BlockManagerMasterEndpoint: BlockManagerMasterEndpoint up
[2023-03-01 10:22:39,682] {spark_submit.py:495} INFO - 23/03/01 10:22:39 INFO SparkEnv: Registering BlockManagerMasterHeartbeat
[2023-03-01 10:22:39,720] {spark_submit.py:495} INFO - 23/03/01 10:22:39 INFO DiskBlockManager: Created local directory at /tmp/blockmgr-18cbd8a1-d1ed-4286-a63c-cf7fccd53236
[2023-03-01 10:22:39,737] {spark_submit.py:495} INFO - 23/03/01 10:22:39 INFO MemoryStore: MemoryStore started with capacity 434.4 MiB
[2023-03-01 10:22:39,755] {spark_submit.py:495} INFO - 23/03/01 10:22:39 INFO SparkEnv: Registering OutputCommitCoordinator
[2023-03-01 10:22:40,023] {spark_submit.py:495} INFO - 23/03/01 10:22:40 INFO Utils: Successfully started service 'SparkUI' on port 4040.
[2023-03-01 10:22:40,125] {spark_submit.py:495} INFO - 23/03/01 10:22:40 INFO Executor: Starting executor ID driver on host 632641264a15
[2023-03-01 10:22:40,133] {spark_submit.py:495} INFO - 23/03/01 10:22:40 INFO Executor: Starting executor with user classpath (userClassPathFirst = false): ''
[2023-03-01 10:22:40,181] {spark_submit.py:495} INFO - 23/03/01 10:22:40 INFO Utils: Successfully started service 'org.apache.spark.network.netty.NettyBlockTransferService' on port 45241.
[2023-03-01 10:22:40,187] {spark_submit.py:495} INFO - 23/03/01 10:22:40 INFO NettyBlockTransferService: Server created on 632641264a15:45241
[2023-03-01 10:22:40,190] {spark_submit.py:495} INFO - 23/03/01 10:22:40 INFO BlockManager: Using org.apache.spark.storage.RandomBlockReplicationPolicy for block replication policy
[2023-03-01 10:22:40,202] {spark_submit.py:495} INFO - 23/03/01 10:22:40 INFO BlockManagerMaster: Registering BlockManager BlockManagerId(driver, 632641264a15, 45241, None)
[2023-03-01 10:22:40,212] {spark_submit.py:495} INFO - 23/03/01 10:22:40 INFO BlockManagerMasterEndpoint: Registering block manager 632641264a15:45241 with 434.4 MiB RAM, BlockManagerId(driver, 632641264a15, 45241, None)
[2023-03-01 10:22:40,221] {spark_submit.py:495} INFO - 23/03/01 10:22:40 INFO BlockManagerMaster: Registered BlockManager BlockManagerId(driver, 632641264a15, 45241, None)
[2023-03-01 10:22:40,226] {spark_submit.py:495} INFO - 23/03/01 10:22:40 INFO BlockManager: Initialized BlockManager: BlockManagerId(driver, 632641264a15, 45241, None)
[2023-03-01 10:22:40,599] {spark_submit.py:495} INFO - /opt/spark-3.3.2-bin-hadoop3/python/lib/pyspark.zip/pyspark/sql/context.py:114: FutureWarning: Deprecated in 3.0.0. Use SparkSession.builder.getOrCreate() instead.
[2023-03-01 10:22:41,109] {spark_submit.py:495} INFO - 23/03/01 10:22:41 INFO SharedState: Setting hive.metastore.warehouse.dir ('null') to the value of spark.sql.warehouse.dir.
[2023-03-01 10:22:41,133] {spark_submit.py:495} INFO - 23/03/01 10:22:41 INFO SharedState: Warehouse path is 'file:/home/***/spark-warehouse'.
[2023-03-01 10:22:42,692] {spark_submit.py:495} INFO - Traceback (most recent call last):
[2023-03-01 10:22:42,700] {spark_submit.py:495} INFO - File "/hadoop-data/map_reduce/spark/average_price.py", line 20, in <module>
[2023-03-01 10:22:42,708] {spark_submit.py:495} INFO - calculate_avg()
[2023-03-01 10:22:42,710] {spark_submit.py:495} INFO - File "/hadoop-data/map_reduce/spark/average_price.py", line 6, in calculate_avg
[2023-03-01 10:22:42,733] {spark_submit.py:495} INFO - df_load = sqlContext.read.option("header",True).csv('hdfs://namenode:8020/user/root/input/Sales.csv')
[2023-03-01 10:22:42,736] {spark_submit.py:495} INFO - File "/opt/spark-3.3.2-bin-hadoop3/python/lib/pyspark.zip/pyspark/sql/readwriter.py", line 535, in csv
[2023-03-01 10:22:42,739] {spark_submit.py:495} INFO - File "/opt/spark-3.3.2-bin-hadoop3/python/lib/py4j-0.10.9.5-src.zip/py4j/java_gateway.py", line 1322, in __call__
[2023-03-01 10:22:42,743] {spark_submit.py:495} INFO - File "/opt/spark-3.3.2-bin-hadoop3/python/lib/pyspark.zip/pyspark/sql/utils.py", line 196, in deco
[2023-03-01 10:22:42,755] {spark_submit.py:495} INFO - pyspark.sql.utils.AnalysisException: Path does not exist: hdfs://namenode:8020/user/root/input/Sales.csv
[2023-03-01 10:22:42,863] {spark_submit.py:495} INFO - 23/03/01 10:22:42 INFO SparkContext: Invoking stop() from shutdown hook
[2023-03-01 10:22:42,881] {spark_submit.py:495} INFO - 23/03/01 10:22:42 INFO SparkUI: Stopped Spark web UI at http://632641264a15:4040
[2023-03-01 10:22:42,903] {spark_submit.py:495} INFO - 23/03/01 10:22:42 INFO MapOutputTrackerMasterEndpoint: MapOutputTrackerMasterEndpoint stopped!
[2023-03-01 10:22:42,925] {spark_submit.py:495} INFO - 23/03/01 10:22:42 INFO MemoryStore: MemoryStore cleared
[2023-03-01 10:22:42,926] {spark_submit.py:495} INFO - 23/03/01 10:22:42 INFO BlockManager: BlockManager stopped
[2023-03-01 10:22:42,931] {spark_submit.py:495} INFO - 23/03/01 10:22:42 INFO BlockManagerMaster: BlockManagerMaster stopped
[2023-03-01 10:22:42,937] {spark_submit.py:495} INFO - 23/03/01 10:22:42 INFO OutputCommitCoordinator$OutputCommitCoordinatorEndpoint: OutputCommitCoordinator stopped!
[2023-03-01 10:22:42,947] {spark_submit.py:495} INFO - 23/03/01 10:22:42 INFO SparkContext: Successfully stopped SparkContext
[2023-03-01 10:22:42,948] {spark_submit.py:495} INFO - 23/03/01 10:22:42 INFO ShutdownHookManager: Shutdown hook called
[2023-03-01 10:22:42,949] {spark_submit.py:495} INFO - 23/03/01 10:22:42 INFO ShutdownHookManager: Deleting directory /tmp/spark-4d12bae6-070d-44b4-8446-7ca6ba4f1eee/pyspark-458cf6a9-05d6-4974-808a-3b55e2a639d8
[2023-03-01 10:22:42,951] {spark_submit.py:495} INFO - 23/03/01 10:22:42 INFO ShutdownHookManager: Deleting directory /tmp/spark-4d12bae6-070d-44b4-8446-7ca6ba4f1eee
[2023-03-01 10:22:42,956] {spark_submit.py:495} INFO - 23/03/01 10:22:42 INFO ShutdownHookManager: Deleting directory /tmp/spark-520e492b-a776-4ff5-8bf5-8f0138e319ed
[2023-03-01 10:22:43,251] {taskinstance.py:1889} ERROR - Task failed with exception
Traceback (most recent call last):
  File "/usr/local/lib/python3.7/site-packages/airflow/providers/apache/spark/operators/spark_submit.py", line 157, in execute
    self._hook.submit(self._application)
  File "/usr/local/lib/python3.7/site-packages/airflow/providers/apache/spark/hooks/spark_submit.py", line 427, in submit
    f"Cannot execute: {self._mask_cmd(spark_submit_cmd)}. Error code is: {returncode}."
airflow.exceptions.AirflowException: Cannot execute: spark-submit --master local[*] --name arrow-spark /hadoop-data/map_reduce/spark/average_price.py. Error code is: 1.
[2023-03-01 10:22:43,269] {taskinstance.py:1400} INFO - Marking task as UP_FOR_RETRY. dag_id=avg_product_price, task_id=spark_submit, execution_date=20230301T014354, start_date=20230301T102234, end_date=20230301T102243
[2023-03-01 10:22:43,291] {standard_task_runner.py:97} ERROR - Failed to execute job 13 for task spark_submit (Cannot execute: spark-submit --master local[*] --name arrow-spark /hadoop-data/map_reduce/spark/average_price.py. Error code is: 1.; 370)
[2023-03-01 10:22:43,329] {local_task_job.py:156} INFO - Task exited with return code 1
[2023-03-01 10:22:43,374] {local_task_job.py:273} INFO - 0 downstream tasks scheduled from follow-on schedule check
