[2023-03-01 10:21:27,582] {taskinstance.py:1159} INFO - Dependencies all met for <TaskInstance: avg_product_price.spark_submit manual__2023-03-01T01:43:54.627917+00:00 [queued]>
[2023-03-01 10:21:27,656] {taskinstance.py:1159} INFO - Dependencies all met for <TaskInstance: avg_product_price.spark_submit manual__2023-03-01T01:43:54.627917+00:00 [queued]>
[2023-03-01 10:21:27,659] {taskinstance.py:1356} INFO - 
--------------------------------------------------------------------------------
[2023-03-01 10:21:27,660] {taskinstance.py:1357} INFO - Starting attempt 4 of 4
[2023-03-01 10:21:27,661] {taskinstance.py:1358} INFO - 
--------------------------------------------------------------------------------
[2023-03-01 10:21:27,689] {taskinstance.py:1377} INFO - Executing <Task(SparkSubmitOperator): spark_submit> on 2023-03-01 01:43:54.627917+00:00
[2023-03-01 10:21:27,709] {standard_task_runner.py:52} INFO - Started process 222 to run task
[2023-03-01 10:21:27,716] {standard_task_runner.py:79} INFO - Running: ['***', 'tasks', 'run', 'avg_product_price', 'spark_submit', 'manual__2023-03-01T01:43:54.627917+00:00', '--job-id', '12', '--raw', '--subdir', 'DAGS_FOLDER/avg_product_price.py', '--cfg-path', '/tmp/tmpjfla_1x0', '--error-file', '/tmp/tmpzyyaeu32']
[2023-03-01 10:21:27,727] {standard_task_runner.py:80} INFO - Job 12: Subtask spark_submit
[2023-03-01 10:21:27,991] {task_command.py:370} INFO - Running <TaskInstance: avg_product_price.spark_submit manual__2023-03-01T01:43:54.627917+00:00 [running]> on host 632641264a15
[2023-03-01 10:21:28,329] {taskinstance.py:1571} INFO - Exporting the following env vars:
AIRFLOW_CTX_DAG_OWNER=shidiq
AIRFLOW_CTX_DAG_ID=avg_product_price
AIRFLOW_CTX_TASK_ID=spark_submit
AIRFLOW_CTX_EXECUTION_DATE=2023-03-01T01:43:54.627917+00:00
AIRFLOW_CTX_TRY_NUMBER=4
AIRFLOW_CTX_DAG_RUN_ID=manual__2023-03-01T01:43:54.627917+00:00
[2023-03-01 10:21:28,360] {base.py:68} INFO - Using connection ID 'spark-hadoop' for task execution.
[2023-03-01 10:21:28,364] {spark_submit.py:344} INFO - Spark-Submit cmd: spark-submit --master local[*] --name arrow-spark /hadoop-data/map_reduce/spark/average_price.py
[2023-03-01 10:21:35,213] {spark_submit.py:495} INFO - 23/03/01 10:21:35 INFO SparkContext: Running Spark version 3.3.2
[2023-03-01 10:21:35,492] {spark_submit.py:495} INFO - 23/03/01 10:21:35 WARN NativeCodeLoader: Unable to load native-hadoop library for your platform... using builtin-java classes where applicable
[2023-03-01 10:21:35,696] {spark_submit.py:495} INFO - 23/03/01 10:21:35 INFO ResourceUtils: ==============================================================
[2023-03-01 10:21:35,704] {spark_submit.py:495} INFO - 23/03/01 10:21:35 INFO ResourceUtils: No custom resources configured for spark.driver.
[2023-03-01 10:21:35,715] {spark_submit.py:495} INFO - 23/03/01 10:21:35 INFO ResourceUtils: ==============================================================
[2023-03-01 10:21:35,718] {spark_submit.py:495} INFO - 23/03/01 10:21:35 INFO SparkContext: Submitted application: average_product_price
[2023-03-01 10:21:35,753] {spark_submit.py:495} INFO - 23/03/01 10:21:35 INFO ResourceProfile: Default ResourceProfile created, executor resources: Map(cores -> name: cores, amount: 1, script: , vendor: , memory -> name: memory, amount: 1024, script: , vendor: , offHeap -> name: offHeap, amount: 0, script: , vendor: ), task resources: Map(cpus -> name: cpus, amount: 1.0)
[2023-03-01 10:21:35,833] {spark_submit.py:495} INFO - 23/03/01 10:21:35 INFO ResourceProfile: Limiting resource is cpu
[2023-03-01 10:21:35,835] {spark_submit.py:495} INFO - 23/03/01 10:21:35 INFO ResourceProfileManager: Added ResourceProfile id: 0
[2023-03-01 10:21:36,015] {spark_submit.py:495} INFO - 23/03/01 10:21:36 INFO SecurityManager: Changing view acls to: ***
[2023-03-01 10:21:36,024] {spark_submit.py:495} INFO - 23/03/01 10:21:36 INFO SecurityManager: Changing modify acls to: ***
[2023-03-01 10:21:36,027] {spark_submit.py:495} INFO - 23/03/01 10:21:36 INFO SecurityManager: Changing view acls groups to:
[2023-03-01 10:21:36,029] {spark_submit.py:495} INFO - 23/03/01 10:21:36 INFO SecurityManager: Changing modify acls groups to:
[2023-03-01 10:21:36,043] {spark_submit.py:495} INFO - 23/03/01 10:21:36 INFO SecurityManager: SecurityManager: authentication disabled; ui acls disabled; users  with view permissions: Set(***); groups with view permissions: Set(); users  with modify permissions: Set(***); groups with modify permissions: Set()
[2023-03-01 10:21:36,739] {spark_submit.py:495} INFO - 23/03/01 10:21:36 INFO Utils: Successfully started service 'sparkDriver' on port 36457.
[2023-03-01 10:21:36,858] {spark_submit.py:495} INFO - 23/03/01 10:21:36 INFO SparkEnv: Registering MapOutputTracker
[2023-03-01 10:21:36,966] {spark_submit.py:495} INFO - 23/03/01 10:21:36 INFO SparkEnv: Registering BlockManagerMaster
[2023-03-01 10:21:37,014] {spark_submit.py:495} INFO - 23/03/01 10:21:37 INFO BlockManagerMasterEndpoint: Using org.apache.spark.storage.DefaultTopologyMapper for getting topology information
[2023-03-01 10:21:37,017] {spark_submit.py:495} INFO - 23/03/01 10:21:37 INFO BlockManagerMasterEndpoint: BlockManagerMasterEndpoint up
[2023-03-01 10:21:37,025] {spark_submit.py:495} INFO - 23/03/01 10:21:37 INFO SparkEnv: Registering BlockManagerMasterHeartbeat
[2023-03-01 10:21:37,067] {spark_submit.py:495} INFO - 23/03/01 10:21:37 INFO DiskBlockManager: Created local directory at /tmp/blockmgr-eaf35b92-ec60-4c2d-bc1e-b8fd12de0d64
[2023-03-01 10:21:37,108] {spark_submit.py:495} INFO - 23/03/01 10:21:37 INFO MemoryStore: MemoryStore started with capacity 434.4 MiB
[2023-03-01 10:21:37,139] {spark_submit.py:495} INFO - 23/03/01 10:21:37 INFO SparkEnv: Registering OutputCommitCoordinator
[2023-03-01 10:21:37,597] {spark_submit.py:495} INFO - 23/03/01 10:21:37 INFO Utils: Successfully started service 'SparkUI' on port 4040.
[2023-03-01 10:21:37,925] {spark_submit.py:495} INFO - 23/03/01 10:21:37 INFO Executor: Starting executor ID driver on host 632641264a15
[2023-03-01 10:21:37,955] {spark_submit.py:495} INFO - 23/03/01 10:21:37 INFO Executor: Starting executor with user classpath (userClassPathFirst = false): ''
[2023-03-01 10:21:37,999] {spark_submit.py:495} INFO - 23/03/01 10:21:37 INFO Utils: Successfully started service 'org.apache.spark.network.netty.NettyBlockTransferService' on port 40787.
[2023-03-01 10:21:38,003] {spark_submit.py:495} INFO - 23/03/01 10:21:37 INFO NettyBlockTransferService: Server created on 632641264a15:40787
[2023-03-01 10:21:38,005] {spark_submit.py:495} INFO - 23/03/01 10:21:38 INFO BlockManager: Using org.apache.spark.storage.RandomBlockReplicationPolicy for block replication policy
[2023-03-01 10:21:38,028] {spark_submit.py:495} INFO - 23/03/01 10:21:38 INFO BlockManagerMaster: Registering BlockManager BlockManagerId(driver, 632641264a15, 40787, None)
[2023-03-01 10:21:38,048] {spark_submit.py:495} INFO - 23/03/01 10:21:38 INFO BlockManagerMasterEndpoint: Registering block manager 632641264a15:40787 with 434.4 MiB RAM, BlockManagerId(driver, 632641264a15, 40787, None)
[2023-03-01 10:21:38,052] {spark_submit.py:495} INFO - 23/03/01 10:21:38 INFO BlockManagerMaster: Registered BlockManager BlockManagerId(driver, 632641264a15, 40787, None)
[2023-03-01 10:21:38,064] {spark_submit.py:495} INFO - 23/03/01 10:21:38 INFO BlockManager: Initialized BlockManager: BlockManagerId(driver, 632641264a15, 40787, None)
[2023-03-01 10:21:38,975] {spark_submit.py:495} INFO - /opt/spark-3.3.2-bin-hadoop3/python/lib/pyspark.zip/pyspark/sql/context.py:114: FutureWarning: Deprecated in 3.0.0. Use SparkSession.builder.getOrCreate() instead.
[2023-03-01 10:21:39,851] {spark_submit.py:495} INFO - 23/03/01 10:21:39 INFO SharedState: Setting hive.metastore.warehouse.dir ('null') to the value of spark.sql.warehouse.dir.
[2023-03-01 10:21:39,932] {spark_submit.py:495} INFO - 23/03/01 10:21:39 INFO SharedState: Warehouse path is 'file:/home/***/spark-warehouse'.
[2023-03-01 10:21:51,711] {spark_submit.py:495} INFO - Traceback (most recent call last):
[2023-03-01 10:21:51,764] {spark_submit.py:495} INFO - File "/hadoop-data/map_reduce/spark/average_price.py", line 20, in <module>
[2023-03-01 10:21:51,771] {spark_submit.py:495} INFO - calculate_avg()
[2023-03-01 10:21:51,776] {spark_submit.py:495} INFO - File "/hadoop-data/map_reduce/spark/average_price.py", line 6, in calculate_avg
[2023-03-01 10:21:51,782] {spark_submit.py:495} INFO - df_load = sqlContext.read.option("header",True).csv('hdfs://namenode:8020/user/root/input/Sales.csv')
[2023-03-01 10:21:51,787] {spark_submit.py:495} INFO - File "/opt/spark-3.3.2-bin-hadoop3/python/lib/pyspark.zip/pyspark/sql/readwriter.py", line 535, in csv
[2023-03-01 10:21:51,800] {spark_submit.py:495} INFO - File "/opt/spark-3.3.2-bin-hadoop3/python/lib/py4j-0.10.9.5-src.zip/py4j/java_gateway.py", line 1322, in __call__
[2023-03-01 10:21:51,803] {spark_submit.py:495} INFO - File "/opt/spark-3.3.2-bin-hadoop3/python/lib/pyspark.zip/pyspark/sql/utils.py", line 196, in deco
[2023-03-01 10:21:51,850] {spark_submit.py:495} INFO - pyspark.sql.utils.AnalysisException: Path does not exist: hdfs://namenode:8020/user/root/input/Sales.csv
[2023-03-01 10:21:52,094] {spark_submit.py:495} INFO - 23/03/01 10:21:52 INFO SparkContext: Invoking stop() from shutdown hook
[2023-03-01 10:21:52,170] {spark_submit.py:495} INFO - 23/03/01 10:21:52 INFO SparkUI: Stopped Spark web UI at http://632641264a15:4040
[2023-03-01 10:21:52,262] {spark_submit.py:495} INFO - 23/03/01 10:21:52 INFO MapOutputTrackerMasterEndpoint: MapOutputTrackerMasterEndpoint stopped!
[2023-03-01 10:21:52,412] {spark_submit.py:495} INFO - 23/03/01 10:21:52 INFO MemoryStore: MemoryStore cleared
[2023-03-01 10:21:52,418] {spark_submit.py:495} INFO - 23/03/01 10:21:52 INFO BlockManager: BlockManager stopped
[2023-03-01 10:21:52,452] {spark_submit.py:495} INFO - 23/03/01 10:21:52 INFO BlockManagerMaster: BlockManagerMaster stopped
[2023-03-01 10:21:52,464] {spark_submit.py:495} INFO - 23/03/01 10:21:52 INFO OutputCommitCoordinator$OutputCommitCoordinatorEndpoint: OutputCommitCoordinator stopped!
[2023-03-01 10:21:52,526] {spark_submit.py:495} INFO - 23/03/01 10:21:52 INFO SparkContext: Successfully stopped SparkContext
[2023-03-01 10:21:52,531] {spark_submit.py:495} INFO - 23/03/01 10:21:52 INFO ShutdownHookManager: Shutdown hook called
[2023-03-01 10:21:52,536] {spark_submit.py:495} INFO - 23/03/01 10:21:52 INFO ShutdownHookManager: Deleting directory /tmp/spark-cd917080-e714-499d-b92b-fde73f7ee1ff
[2023-03-01 10:21:52,546] {spark_submit.py:495} INFO - 23/03/01 10:21:52 INFO ShutdownHookManager: Deleting directory /tmp/spark-b03dc1c9-c54e-4436-a701-301b8656b329
[2023-03-01 10:21:52,566] {spark_submit.py:495} INFO - 23/03/01 10:21:52 INFO ShutdownHookManager: Deleting directory /tmp/spark-cd917080-e714-499d-b92b-fde73f7ee1ff/pyspark-c8faea6a-17ea-49f2-a0af-9538d8c4f715
[2023-03-01 10:21:53,970] {taskinstance.py:1889} ERROR - Task failed with exception
Traceback (most recent call last):
  File "/usr/local/lib/python3.7/site-packages/airflow/providers/apache/spark/operators/spark_submit.py", line 157, in execute
    self._hook.submit(self._application)
  File "/usr/local/lib/python3.7/site-packages/airflow/providers/apache/spark/hooks/spark_submit.py", line 427, in submit
    f"Cannot execute: {self._mask_cmd(spark_submit_cmd)}. Error code is: {returncode}."
airflow.exceptions.AirflowException: Cannot execute: spark-submit --master local[*] --name arrow-spark /hadoop-data/map_reduce/spark/average_price.py. Error code is: 1.
[2023-03-01 10:21:54,017] {taskinstance.py:1400} INFO - Marking task as FAILED. dag_id=avg_product_price, task_id=spark_submit, execution_date=20230301T014354, start_date=20230301T102127, end_date=20230301T102154
[2023-03-01 10:21:54,070] {standard_task_runner.py:97} ERROR - Failed to execute job 12 for task spark_submit (Cannot execute: spark-submit --master local[*] --name arrow-spark /hadoop-data/map_reduce/spark/average_price.py. Error code is: 1.; 222)
[2023-03-01 10:21:54,164] {local_task_job.py:156} INFO - Task exited with return code 1
[2023-03-01 10:21:54,293] {local_task_job.py:273} INFO - 0 downstream tasks scheduled from follow-on schedule check
