[2023-02-28 22:28:58,528] {taskinstance.py:1159} INFO - Dependencies all met for <TaskInstance: avg_product_price.spark_submit manual__2023-02-28T22:28:56.343996+00:00 [queued]>
[2023-02-28 22:28:58,543] {taskinstance.py:1159} INFO - Dependencies all met for <TaskInstance: avg_product_price.spark_submit manual__2023-02-28T22:28:56.343996+00:00 [queued]>
[2023-02-28 22:28:58,545] {taskinstance.py:1356} INFO - 
--------------------------------------------------------------------------------
[2023-02-28 22:28:58,546] {taskinstance.py:1357} INFO - Starting attempt 1 of 2
[2023-02-28 22:28:58,546] {taskinstance.py:1358} INFO - 
--------------------------------------------------------------------------------
[2023-02-28 22:28:58,558] {taskinstance.py:1377} INFO - Executing <Task(SparkSubmitOperator): spark_submit> on 2023-02-28 22:28:56.343996+00:00
[2023-02-28 22:28:58,565] {standard_task_runner.py:52} INFO - Started process 2586 to run task
[2023-02-28 22:28:58,578] {standard_task_runner.py:79} INFO - Running: ['***', 'tasks', 'run', 'avg_product_price', 'spark_submit', 'manual__2023-02-28T22:28:56.343996+00:00', '--job-id', '2', '--raw', '--subdir', 'DAGS_FOLDER/avg_product_price.py', '--cfg-path', '/tmp/tmp7iejarix', '--error-file', '/tmp/tmpzhyy249l']
[2023-02-28 22:28:58,581] {standard_task_runner.py:80} INFO - Job 2: Subtask spark_submit
[2023-02-28 22:28:58,641] {task_command.py:370} INFO - Running <TaskInstance: avg_product_price.spark_submit manual__2023-02-28T22:28:56.343996+00:00 [running]> on host 632641264a15
[2023-02-28 22:28:58,733] {taskinstance.py:1571} INFO - Exporting the following env vars:
AIRFLOW_CTX_DAG_OWNER=ayyoub
AIRFLOW_CTX_DAG_ID=avg_product_price
AIRFLOW_CTX_TASK_ID=spark_submit
AIRFLOW_CTX_EXECUTION_DATE=2023-02-28T22:28:56.343996+00:00
AIRFLOW_CTX_TRY_NUMBER=1
AIRFLOW_CTX_DAG_RUN_ID=manual__2023-02-28T22:28:56.343996+00:00
[2023-02-28 22:28:58,752] {spark_submit.py:223} INFO - Could not load connection string spark-hadoop, defaulting to yarn
[2023-02-28 22:28:58,755] {spark_submit.py:344} INFO - Spark-Submit cmd: spark-submit --master yarn --name arrow-spark /hadoop-data/map_reduce/spark/average_price.py
[2023-02-28 22:29:01,566] {spark_submit.py:495} INFO - 23/02/28 22:29:01 INFO SparkContext: Running Spark version 3.3.2
[2023-02-28 22:29:01,622] {spark_submit.py:495} INFO - 23/02/28 22:29:01 WARN NativeCodeLoader: Unable to load native-hadoop library for your platform... using builtin-java classes where applicable
[2023-02-28 22:29:01,689] {spark_submit.py:495} INFO - 23/02/28 22:29:01 INFO ResourceUtils: ==============================================================
[2023-02-28 22:29:01,690] {spark_submit.py:495} INFO - 23/02/28 22:29:01 INFO ResourceUtils: No custom resources configured for spark.driver.
[2023-02-28 22:29:01,691] {spark_submit.py:495} INFO - 23/02/28 22:29:01 INFO ResourceUtils: ==============================================================
[2023-02-28 22:29:01,691] {spark_submit.py:495} INFO - 23/02/28 22:29:01 INFO SparkContext: Submitted application: average_product_price
[2023-02-28 22:29:01,707] {spark_submit.py:495} INFO - 23/02/28 22:29:01 INFO ResourceProfile: Default ResourceProfile created, executor resources: Map(cores -> name: cores, amount: 1, script: , vendor: , memory -> name: memory, amount: 1024, script: , vendor: , offHeap -> name: offHeap, amount: 0, script: , vendor: ), task resources: Map(cpus -> name: cpus, amount: 1.0)
[2023-02-28 22:29:01,717] {spark_submit.py:495} INFO - 23/02/28 22:29:01 INFO ResourceProfile: Limiting resource is cpus at 1 tasks per executor
[2023-02-28 22:29:01,724] {spark_submit.py:495} INFO - 23/02/28 22:29:01 INFO ResourceProfileManager: Added ResourceProfile id: 0
[2023-02-28 22:29:01,769] {spark_submit.py:495} INFO - 23/02/28 22:29:01 INFO SecurityManager: Changing view acls to: ***
[2023-02-28 22:29:01,770] {spark_submit.py:495} INFO - 23/02/28 22:29:01 INFO SecurityManager: Changing modify acls to: ***
[2023-02-28 22:29:01,771] {spark_submit.py:495} INFO - 23/02/28 22:29:01 INFO SecurityManager: Changing view acls groups to:
[2023-02-28 22:29:01,773] {spark_submit.py:495} INFO - 23/02/28 22:29:01 INFO SecurityManager: Changing modify acls groups to:
[2023-02-28 22:29:01,774] {spark_submit.py:495} INFO - 23/02/28 22:29:01 INFO SecurityManager: SecurityManager: authentication disabled; ui acls disabled; users  with view permissions: Set(***); groups with view permissions: Set(); users  with modify permissions: Set(***); groups with modify permissions: Set()
[2023-02-28 22:29:02,026] {spark_submit.py:495} INFO - 23/02/28 22:29:02 INFO Utils: Successfully started service 'sparkDriver' on port 40997.
[2023-02-28 22:29:02,079] {spark_submit.py:495} INFO - 23/02/28 22:29:02 INFO SparkEnv: Registering MapOutputTracker
[2023-02-28 22:29:02,119] {spark_submit.py:495} INFO - 23/02/28 22:29:02 INFO SparkEnv: Registering BlockManagerMaster
[2023-02-28 22:29:02,133] {spark_submit.py:495} INFO - 23/02/28 22:29:02 INFO BlockManagerMasterEndpoint: Using org.apache.spark.storage.DefaultTopologyMapper for getting topology information
[2023-02-28 22:29:02,134] {spark_submit.py:495} INFO - 23/02/28 22:29:02 INFO BlockManagerMasterEndpoint: BlockManagerMasterEndpoint up
[2023-02-28 22:29:02,154] {spark_submit.py:495} INFO - 23/02/28 22:29:02 INFO SparkEnv: Registering BlockManagerMasterHeartbeat
[2023-02-28 22:29:02,175] {spark_submit.py:495} INFO - 23/02/28 22:29:02 INFO DiskBlockManager: Created local directory at /tmp/blockmgr-b68a4cdf-f365-4c43-95bb-beb21d0ff72f
[2023-02-28 22:29:02,191] {spark_submit.py:495} INFO - 23/02/28 22:29:02 INFO MemoryStore: MemoryStore started with capacity 434.4 MiB
[2023-02-28 22:29:02,218] {spark_submit.py:495} INFO - 23/02/28 22:29:02 INFO SparkEnv: Registering OutputCommitCoordinator
[2023-02-28 22:29:02,442] {spark_submit.py:495} INFO - 23/02/28 22:29:02 INFO Utils: Successfully started service 'SparkUI' on port 4040.
[2023-02-28 22:29:02,724] {spark_submit.py:495} INFO - Traceback (most recent call last):
[2023-02-28 22:29:02,727] {spark_submit.py:495} INFO - File "/hadoop-data/map_reduce/spark/average_price.py", line 16, in <module>
[2023-02-28 22:29:02,730] {spark_submit.py:495} INFO - sc = SparkContext.getOrCreate(conf = conf)
[2023-02-28 22:29:02,732] {spark_submit.py:495} INFO - File "/opt/spark-3.3.2-bin-hadoop3/python/lib/pyspark.zip/pyspark/context.py", line 483, in getOrCreate
[2023-02-28 22:29:02,737] {spark_submit.py:495} INFO - File "/opt/spark-3.3.2-bin-hadoop3/python/lib/pyspark.zip/pyspark/context.py", line 208, in __init__
[2023-02-28 22:29:02,750] {spark_submit.py:495} INFO - File "/opt/spark-3.3.2-bin-hadoop3/python/lib/pyspark.zip/pyspark/context.py", line 282, in _do_init
[2023-02-28 22:29:02,755] {spark_submit.py:495} INFO - File "/opt/spark-3.3.2-bin-hadoop3/python/lib/pyspark.zip/pyspark/context.py", line 402, in _initialize_context
[2023-02-28 22:29:02,758] {spark_submit.py:495} INFO - File "/opt/spark-3.3.2-bin-hadoop3/python/lib/py4j-0.10.9.5-src.zip/py4j/java_gateway.py", line 1586, in __call__
[2023-02-28 22:29:02,759] {spark_submit.py:495} INFO - File "/opt/spark-3.3.2-bin-hadoop3/python/lib/py4j-0.10.9.5-src.zip/py4j/protocol.py", line 328, in get_return_value
[2023-02-28 22:29:02,764] {spark_submit.py:495} INFO - py4j.protocol.Py4JJavaError: An error occurred while calling None.org.apache.spark.api.java.JavaSparkContext.
[2023-02-28 22:29:02,767] {spark_submit.py:495} INFO - : java.lang.NoClassDefFoundError: org/apache/hadoop/shaded/javax/ws/rs/core/NoContentException
[2023-02-28 22:29:02,769] {spark_submit.py:495} INFO - at org.apache.hadoop.yarn.util.timeline.TimelineUtils.<clinit>(TimelineUtils.java:60)
[2023-02-28 22:29:02,772] {spark_submit.py:495} INFO - at org.apache.hadoop.yarn.client.api.impl.YarnClientImpl.serviceInit(YarnClientImpl.java:200)
[2023-02-28 22:29:02,774] {spark_submit.py:495} INFO - at org.apache.hadoop.service.AbstractService.init(AbstractService.java:164)
[2023-02-28 22:29:02,777] {spark_submit.py:495} INFO - at org.apache.spark.deploy.yarn.Client.submitApplication(Client.scala:191)
[2023-02-28 22:29:02,779] {spark_submit.py:495} INFO - at org.apache.spark.scheduler.cluster.YarnClientSchedulerBackend.start(YarnClientSchedulerBackend.scala:62)
[2023-02-28 22:29:02,781] {spark_submit.py:495} INFO - at org.apache.spark.scheduler.TaskSchedulerImpl.start(TaskSchedulerImpl.scala:222)
[2023-02-28 22:29:02,781] {spark_submit.py:495} INFO - at org.apache.spark.SparkContext.<init>(SparkContext.scala:595)
[2023-02-28 22:29:02,783] {spark_submit.py:495} INFO - at org.apache.spark.api.java.JavaSparkContext.<init>(JavaSparkContext.scala:58)
[2023-02-28 22:29:02,785] {spark_submit.py:495} INFO - at java.base/jdk.internal.reflect.NativeConstructorAccessorImpl.newInstance0(Native Method)
[2023-02-28 22:29:02,787] {spark_submit.py:495} INFO - at java.base/jdk.internal.reflect.NativeConstructorAccessorImpl.newInstance(NativeConstructorAccessorImpl.java:62)
[2023-02-28 22:29:02,788] {spark_submit.py:495} INFO - at java.base/jdk.internal.reflect.DelegatingConstructorAccessorImpl.newInstance(DelegatingConstructorAccessorImpl.java:45)
[2023-02-28 22:29:02,790] {spark_submit.py:495} INFO - at java.base/java.lang.reflect.Constructor.newInstance(Constructor.java:490)
[2023-02-28 22:29:02,791] {spark_submit.py:495} INFO - at py4j.reflection.MethodInvoker.invoke(MethodInvoker.java:247)
[2023-02-28 22:29:02,792] {spark_submit.py:495} INFO - at py4j.reflection.ReflectionEngine.invoke(ReflectionEngine.java:357)
[2023-02-28 22:29:02,793] {spark_submit.py:495} INFO - at py4j.Gateway.invoke(Gateway.java:238)
[2023-02-28 22:29:02,799] {spark_submit.py:495} INFO - at py4j.commands.ConstructorCommand.invokeConstructor(ConstructorCommand.java:80)
[2023-02-28 22:29:02,801] {spark_submit.py:495} INFO - at py4j.commands.ConstructorCommand.execute(ConstructorCommand.java:69)
[2023-02-28 22:29:02,803] {spark_submit.py:495} INFO - at py4j.ClientServerConnection.waitForCommands(ClientServerConnection.java:182)
[2023-02-28 22:29:02,805] {spark_submit.py:495} INFO - at py4j.ClientServerConnection.run(ClientServerConnection.java:106)
[2023-02-28 22:29:02,806] {spark_submit.py:495} INFO - at java.base/java.lang.Thread.run(Thread.java:829)
[2023-02-28 22:29:02,808] {spark_submit.py:495} INFO - Caused by: java.lang.ClassNotFoundException: org.apache.hadoop.shaded.javax.ws.rs.core.NoContentException
[2023-02-28 22:29:02,809] {spark_submit.py:495} INFO - at java.base/jdk.internal.loader.BuiltinClassLoader.loadClass(BuiltinClassLoader.java:581)
[2023-02-28 22:29:02,810] {spark_submit.py:495} INFO - at java.base/jdk.internal.loader.ClassLoaders$AppClassLoader.loadClass(ClassLoaders.java:178)
[2023-02-28 22:29:02,811] {spark_submit.py:495} INFO - at java.base/java.lang.ClassLoader.loadClass(ClassLoader.java:522)
[2023-02-28 22:29:02,811] {spark_submit.py:495} INFO - ... 20 more
[2023-02-28 22:29:02,812] {spark_submit.py:495} INFO - 
[2023-02-28 22:29:02,866] {spark_submit.py:495} INFO - 23/02/28 22:29:02 INFO DiskBlockManager: Shutdown hook called
[2023-02-28 22:29:02,881] {spark_submit.py:495} INFO - 23/02/28 22:29:02 INFO ShutdownHookManager: Shutdown hook called
[2023-02-28 22:29:02,884] {spark_submit.py:495} INFO - 23/02/28 22:29:02 INFO ShutdownHookManager: Deleting directory /tmp/spark-58ac9631-5b95-4930-a30e-96506b7ae62b
[2023-02-28 22:29:02,888] {spark_submit.py:495} INFO - 23/02/28 22:29:02 INFO ShutdownHookManager: Deleting directory /tmp/spark-58ac9631-5b95-4930-a30e-96506b7ae62b/userFiles-0b7ca73e-320f-4162-b4be-258de7d4f9ee
[2023-02-28 22:29:02,890] {spark_submit.py:495} INFO - 23/02/28 22:29:02 INFO ShutdownHookManager: Deleting directory /tmp/spark-c12d7d9e-64b7-42f9-92db-684eb9f189fa
[2023-02-28 22:29:03,460] {taskinstance.py:1889} ERROR - Task failed with exception
Traceback (most recent call last):
  File "/usr/local/lib/python3.7/site-packages/airflow/providers/apache/spark/operators/spark_submit.py", line 157, in execute
    self._hook.submit(self._application)
  File "/usr/local/lib/python3.7/site-packages/airflow/providers/apache/spark/hooks/spark_submit.py", line 427, in submit
    f"Cannot execute: {self._mask_cmd(spark_submit_cmd)}. Error code is: {returncode}."
airflow.exceptions.AirflowException: Cannot execute: spark-submit --master yarn --name arrow-spark /hadoop-data/map_reduce/spark/average_price.py. Error code is: 1.
[2023-02-28 22:29:03,497] {taskinstance.py:1400} INFO - Marking task as UP_FOR_RETRY. dag_id=avg_product_price, task_id=spark_submit, execution_date=20230228T222856, start_date=20230228T222858, end_date=20230228T222903
[2023-02-28 22:29:03,518] {standard_task_runner.py:97} ERROR - Failed to execute job 2 for task spark_submit (Cannot execute: spark-submit --master yarn --name arrow-spark /hadoop-data/map_reduce/spark/average_price.py. Error code is: 1.; 2586)
[2023-02-28 22:29:03,571] {local_task_job.py:156} INFO - Task exited with return code 1
[2023-02-28 22:29:03,621] {local_task_job.py:273} INFO - 0 downstream tasks scheduled from follow-on schedule check
